# JRE version: 7.0_04-b22
# Java VM: Java HotSpot(TM) Client VM (23.0-b21 mixed mode windows-x86 )
Heap
 def new generation   total 4992K, used 1218K [0x043a0000, 0x04900000, 0x0ee40000)
  eden space 4480K,  27% used [0x043a0000, 0x044d0700, 0x04800000)
  from space 512K,   0% used [0x04880000, 0x048801e0, 0x04900000)
  to   space 512K,   0% used [0x04800000, 0x04800000, 0x04880000)
 tenured generation   total 10944K, used 10196K [0x0ee40000, 0x0f8f0000, 0x243a0000)
   the space 10944K,  93% used [0x0ee40000, 0x0f835340, 0x0f835400, 0x0f8f0000)
 compacting perm gen  total 14848K, used 14837K [0x243a0000, 0x25220000, 0x343a0000)
   the space 14848K,  99% used [0x243a0000, 0x2521d6c8, 0x2521d800, 0x25220000)
GC Heap History (10 events):
Event: 6.416 GC heap before
{Heap before GC invocations=389 (full 0):
 def new generation   total 4992K, used 4734K [0x043a0000, 0x04900000, 0x0ee40000)
  eden space 4480K, 100% used [0x043a0000, 0x04800000, 0x04800000)
  from space 512K,  49% used [0x04880000, 0x048bfbf8, 0x04900000)
  to   space 512K,   0% used [0x04800000, 0x04800000, 0x04880000)
 tenured generation   total 10944K, used 9941K [0x0ee40000, 0x0f8f0000, 0x243a0000)
   the space 10944K,  90% used [0x0ee40000, 0x0f7f5748, 0x0f7f5800, 0x0f8f0000)
 compacting perm gen  total 14848K, used 14824K [0x243a0000, 0x25220000, 0x343a0000)
   the space 14848K,  99% used [0x243a0000, 0x2521a240, 0x2521a400, 0x25220000)
No shared spaces configured.
Event: 6.418 GC heap after
Heap after GC invocations=390 (full 0):
 def new generation   total 4992K, used 254K [0x043a0000, 0x04900000, 0x0ee40000)
  eden space 4480K,   0% used [0x043a0000, 0x043a0000, 0x04800000)
  from space 512K,  49% used [0x04800000, 0x0483fbf8, 0x04880000)
  to   space 512K,   0% used [0x04880000, 0x04880000, 0x04900000)
 tenured generation   total 10944K, used 9941K [0x0ee40000, 0x0f8f0000, 0x243a0000)
   the space 10944K,  90% used [0x0ee40000, 0x0f7f5748, 0x0f7f5800, 0x0f8f0000)
 compacting perm gen  total 14848K, used 14824K [0x243a0000, 0x25220000, 0x343a0000)
   the space 14848K,  99% used [0x243a0000, 0x2521a240, 0x2521a400, 0x25220000)
No shared spaces configured.
}
Event: 6.432 GC heap before
{Heap before GC invocations=390 (full 0):
 def new generation   total 4992K, used 4734K [0x043a0000, 0x04900000, 0x0ee40000)
  eden space 4480K, 100% used [0x043a0000, 0x04800000, 0x04800000)
  from space 512K,  49% used [0x04800000, 0x0483fbf8, 0x04880000)
  to   space 512K,   0% used [0x04880000, 0x04880000, 0x04900000)
 tenured generation   total 10944K, used 9941K [0x0ee40000, 0x0f8f0000, 0x243a0000)
   the space 10944K,  90% used [0x0ee40000, 0x0f7f5748, 0x0f7f5800, 0x0f8f0000)
 compacting perm gen  total 14848K, used 14824K [0x243a0000, 0x25220000, 0x343a0000)
   the space 14848K,  99% used [0x243a0000, 0x2521a240, 0x2521a400, 0x25220000)
No shared spaces configured.
Event: 6.433 GC heap after
Heap after GC invocations=391 (full 0):
 def new generation   total 4992K, used 254K [0x043a0000, 0x04900000, 0x0ee40000)
  eden space 4480K,   0% used [0x043a0000, 0x043a0000, 0x04800000)
  from space 512K,  49% used [0x04880000, 0x048bfbf8, 0x04900000)
  to   space 512K,   0% used [0x04800000, 0x04800000, 0x04880000)
 tenured generation   total 10944K, used 9941K [0x0ee40000, 0x0f8f0000, 0x243a0000)
   the space 10944K,  90% used [0x0ee40000, 0x0f7f5748, 0x0f7f5800, 0x0f8f0000)
 compacting perm gen  total 14848K, used 14824K [0x243a0000, 0x25220000, 0x343a0000)
   the space 14848K,  99% used [0x243a0000, 0x2521a240, 0x2521a400, 0x25220000)
No shared spaces configured.
}
Event: 6.444 GC heap before
{Heap before GC invocations=391 (full 0):
 def new generation   total 4992K, used 4734K [0x043a0000, 0x04900000, 0x0ee40000)
  eden space 4480K, 100% used [0x043a0000, 0x04800000, 0x04800000)
  from space 512K,  49% used [0x04880000, 0x048bfbf8, 0x04900000)
  to   space 512K,   0% used [0x04800000, 0x04800000, 0x04880000)
 tenured generation   total 10944K, used 9941K [0x0ee40000, 0x0f8f0000, 0x243a0000)
   the space 10944K,  90% used [0x0ee40000, 0x0f7f5748, 0x0f7f5800, 0x0f8f0000)
 compacting perm gen  total 14848K, used 14824K [0x243a0000, 0x25220000, 0x343a0000)
   the space 14848K,  99% used [0x243a0000, 0x2521a240, 0x2521a400, 0x25220000)
No shared spaces configured.
Event: 6.446 GC heap after
Heap after GC invocations=392 (full 0):
 def new generation   total 4992K, used 236K [0x043a0000, 0x04900000, 0x0ee40000)
  eden space 4480K,   0% used [0x043a0000, 0x043a0000, 0x04800000)
  from space 512K,  46% used [0x04800000, 0x0483b038, 0x04880000)
  to   space 512K,   0% used [0x04880000, 0x04880000, 0x04900000)
 tenured generation   total 10944K, used 9960K [0x0ee40000, 0x0f8f0000, 0x243a0000)
   the space 10944K,  91% used [0x0ee40000, 0x0f7fa308, 0x0f7fa400, 0x0f8f0000)
 compacting perm gen  total 14848K, used 14824K [0x243a0000, 0x25220000, 0x343a0000)
   the space 14848K,  99% used [0x243a0000, 0x2521a240, 0x2521a400, 0x25220000)
No shared spaces configured.
}
Event: 6.462 GC heap before
{Heap before GC invocations=392 (full 0):
 def new generation   total 4992K, used 4716K [0x043a0000, 0x04900000, 0x0ee40000)
  eden space 4480K, 100% used [0x043a0000, 0x04800000, 0x04800000)
  from space 512K,  46% used [0x04800000, 0x0483b038, 0x04880000)
  to   space 512K,   0% used [0x04880000, 0x04880000, 0x04900000)
 tenured generation   total 10944K, used 9960K [0x0ee40000, 0x0f8f0000, 0x243a0000)
   the space 10944K,  91% used [0x0ee40000, 0x0f7fa308, 0x0f7fa400, 0x0f8f0000)
 compacting perm gen  total 14848K, used 14824K [0x243a0000, 0x25220000, 0x343a0000)
   the space 14848K,  99% used [0x243a0000, 0x2521a240, 0x2521a400, 0x25220000)
No shared spaces configured.
Event: 6.463 GC heap after
Heap after GC invocations=393 (full 0):
 def new generation   total 4992K, used 193K [0x043a0000, 0x04900000, 0x0ee40000)
  eden space 4480K,   0% used [0x043a0000, 0x043a0000, 0x04800000)
  from space 512K,  37% used [0x04880000, 0x048b0500, 0x04900000)
  to   space 512K,   0% used [0x04800000, 0x04800000, 0x04880000)
 tenured generation   total 10944K, used 10003K [0x0ee40000, 0x0f8f0000, 0x243a0000)
   the space 10944K,  91% used [0x0ee40000, 0x0f804e40, 0x0f805000, 0x0f8f0000)
 compacting perm gen  total 14848K, used 14824K [0x243a0000, 0x25220000, 0x343a0000)
   the space 14848K,  99% used [0x243a0000, 0x2521a240, 0x2521a400, 0x25220000)
No shared spaces configured.
}
Event: 6.479 GC heap before
{Heap before GC invocations=393 (full 0):
 def new generation   total 4992K, used 4673K [0x043a0000, 0x04900000, 0x0ee40000)
  eden space 4480K, 100% used [0x043a0000, 0x04800000, 0x04800000)
  from space 512K,  37% used [0x04880000, 0x048b0500, 0x04900000)
  to   space 512K,   0% used [0x04800000, 0x04800000, 0x04880000)
 tenured generation   total 10944K, used 10003K [0x0ee40000, 0x0f8f0000, 0x243a0000)
   the space 10944K,  91% used [0x0ee40000, 0x0f804e40, 0x0f805000, 0x0f8f0000)
 compacting perm gen  total 14848K, used 14824K [0x243a0000, 0x25220000, 0x343a0000)
   the space 14848K,  99% used [0x243a0000, 0x2521a240, 0x2521a400, 0x25220000)
No shared spaces configured.
Event: 6.480 GC heap after
Heap after GC invocations=394 (full 0):
 def new generation   total 4992K, used 151K [0x043a0000, 0x04900000, 0x0ee40000)
  eden space 4480K,   0% used [0x043a0000, 0x043a0000, 0x04800000)
  from space 512K,  29% used [0x04800000, 0x04825d50, 0x04880000)
  to   space 512K,   0% used [0x04880000, 0x04880000, 0x04900000)
 tenured generation   total 10944K, used 10045K [0x0ee40000, 0x0f8f0000, 0x243a0000)
   the space 10944K,  91% used [0x0ee40000, 0x0f80f5f0, 0x0f80f600, 0x0f8f0000)
 compacting perm gen  total 14848K, used 14824K [0x243a0000, 0x25220000, 0x343a0000)
   the space 14848K,  99% used [0x243a0000, 0x2521a240, 0x2521a400, 0x25220000)
No shared spaces configured.
}

