# JRE version: 7.0_04-b22
# Java VM: Java HotSpot(TM) Client VM (23.0-b21 mixed mode windows-x86 )
Heap
 def new generation   total 4992K, used 4395K [0x04810000, 0x04d70000, 0x0f2b0000)
  eden space 4480K,  92% used [0x04810000, 0x04c202b8, 0x04c70000)
  from space 512K,  45% used [0x04cf0000, 0x04d2acd0, 0x04d70000)
  to   space 512K,   0% used [0x04c70000, 0x04c70000, 0x04cf0000)
 tenured generation   total 10944K, used 9646K [0x0f2b0000, 0x0fd60000, 0x24810000)
   the space 10944K,  88% used [0x0f2b0000, 0x0fc1b908, 0x0fc1ba00, 0x0fd60000)
 compacting perm gen  total 14848K, used 14772K [0x24810000, 0x25690000, 0x34810000)
   the space 14848K,  99% used [0x24810000, 0x2567d238, 0x2567d400, 0x25690000)
GC Heap History (10 events):
Event: 3.929 GC heap before
{Heap before GC invocations=268 (full 0):
 def new generation   total 4992K, used 4694K [0x04810000, 0x04d70000, 0x0f2b0000)
  eden space 4480K, 100% used [0x04810000, 0x04c70000, 0x04c70000)
  from space 512K,  41% used [0x04cf0000, 0x04d25960, 0x04d70000)
  to   space 512K,   0% used [0x04c70000, 0x04c70000, 0x04cf0000)
 tenured generation   total 10944K, used 9606K [0x0f2b0000, 0x0fd60000, 0x24810000)
   the space 10944K,  87% used [0x0f2b0000, 0x0fc11a98, 0x0fc11c00, 0x0fd60000)
 compacting perm gen  total 14848K, used 14622K [0x24810000, 0x25690000, 0x34810000)
   the space 14848K,  98% used [0x24810000, 0x25657810, 0x25657a00, 0x25690000)
No shared spaces configured.
Event: 3.931 GC heap after
Heap after GC invocations=269 (full 0):
 def new generation   total 4992K, used 312K [0x04810000, 0x04d70000, 0x0f2b0000)
  eden space 4480K,   0% used [0x04810000, 0x04810000, 0x04c70000)
  from space 512K,  60% used [0x04c70000, 0x04cbe0f8, 0x04cf0000)
  to   space 512K,   0% used [0x04cf0000, 0x04cf0000, 0x04d70000)
 tenured generation   total 10944K, used 9606K [0x0f2b0000, 0x0fd60000, 0x24810000)
   the space 10944K,  87% used [0x0f2b0000, 0x0fc11a98, 0x0fc11c00, 0x0fd60000)
 compacting perm gen  total 14848K, used 14622K [0x24810000, 0x25690000, 0x34810000)
   the space 14848K,  98% used [0x24810000, 0x25657810, 0x25657a00, 0x25690000)
No shared spaces configured.
}
Event: 3.944 GC heap before
{Heap before GC invocations=269 (full 0):
 def new generation   total 4992K, used 4792K [0x04810000, 0x04d70000, 0x0f2b0000)
  eden space 4480K, 100% used [0x04810000, 0x04c70000, 0x04c70000)
  from space 512K,  60% used [0x04c70000, 0x04cbe0f8, 0x04cf0000)
  to   space 512K,   0% used [0x04cf0000, 0x04cf0000, 0x04d70000)
 tenured generation   total 10944K, used 9606K [0x0f2b0000, 0x0fd60000, 0x24810000)
   the space 10944K,  87% used [0x0f2b0000, 0x0fc11a98, 0x0fc11c00, 0x0fd60000)
 compacting perm gen  total 14848K, used 14623K [0x24810000, 0x25690000, 0x34810000)
   the space 14848K,  98% used [0x24810000, 0x25657ec0, 0x25658000, 0x25690000)
No shared spaces configured.
Event: 3.945 GC heap after
Heap after GC invocations=270 (full 0):
 def new generation   total 4992K, used 142K [0x04810000, 0x04d70000, 0x0f2b0000)
  eden space 4480K,   0% used [0x04810000, 0x04810000, 0x04c70000)
  from space 512K,  27% used [0x04cf0000, 0x04d13bb8, 0x04d70000)
  to   space 512K,   0% used [0x04c70000, 0x04c70000, 0x04cf0000)
 tenured generation   total 10944K, used 9646K [0x0f2b0000, 0x0fd60000, 0x24810000)
   the space 10944K,  88% used [0x0f2b0000, 0x0fc1b908, 0x0fc1ba00, 0x0fd60000)
 compacting perm gen  total 14848K, used 14623K [0x24810000, 0x25690000, 0x34810000)
   the space 14848K,  98% used [0x24810000, 0x25657ec0, 0x25658000, 0x25690000)
No shared spaces configured.
}
Event: 3.955 GC heap before
{Heap before GC invocations=270 (full 0):
 def new generation   total 4992K, used 4622K [0x04810000, 0x04d70000, 0x0f2b0000)
  eden space 4480K, 100% used [0x04810000, 0x04c70000, 0x04c70000)
  from space 512K,  27% used [0x04cf0000, 0x04d13bb8, 0x04d70000)
  to   space 512K,   0% used [0x04c70000, 0x04c70000, 0x04cf0000)
 tenured generation   total 10944K, used 9646K [0x0f2b0000, 0x0fd60000, 0x24810000)
   the space 10944K,  88% used [0x0f2b0000, 0x0fc1b908, 0x0fc1ba00, 0x0fd60000)
 compacting perm gen  total 14848K, used 14683K [0x24810000, 0x25690000, 0x34810000)
   the space 14848K,  98% used [0x24810000, 0x25666fa8, 0x25667000, 0x25690000)
No shared spaces configured.
Event: 3.956 GC heap after
Heap after GC invocations=271 (full 0):
 def new generation   total 4992K, used 252K [0x04810000, 0x04d70000, 0x0f2b0000)
  eden space 4480K,   0% used [0x04810000, 0x04810000, 0x04c70000)
  from space 512K,  49% used [0x04c70000, 0x04caf0d0, 0x04cf0000)
  to   space 512K,   0% used [0x04cf0000, 0x04cf0000, 0x04d70000)
 tenured generation   total 10944K, used 9646K [0x0f2b0000, 0x0fd60000, 0x24810000)
   the space 10944K,  88% used [0x0f2b0000, 0x0fc1b908, 0x0fc1ba00, 0x0fd60000)
 compacting perm gen  total 14848K, used 14683K [0x24810000, 0x25690000, 0x34810000)
   the space 14848K,  98% used [0x24810000, 0x25666fa8, 0x25667000, 0x25690000)
No shared spaces configured.
}
Event: 3.967 GC heap before
{Heap before GC invocations=271 (full 0):
 def new generation   total 4992K, used 4732K [0x04810000, 0x04d70000, 0x0f2b0000)
  eden space 4480K, 100% used [0x04810000, 0x04c70000, 0x04c70000)
  from space 512K,  49% used [0x04c70000, 0x04caf0d0, 0x04cf0000)
  to   space 512K,   0% used [0x04cf0000, 0x04cf0000, 0x04d70000)
 tenured generation   total 10944K, used 9646K [0x0f2b0000, 0x0fd60000, 0x24810000)
   the space 10944K,  88% used [0x0f2b0000, 0x0fc1b908, 0x0fc1ba00, 0x0fd60000)
 compacting perm gen  total 14848K, used 14696K [0x24810000, 0x25690000, 0x34810000)
   the space 14848K,  98% used [0x24810000, 0x2566a3c0, 0x2566a400, 0x25690000)
No shared spaces configured.
Event: 3.968 GC heap after
Heap after GC invocations=272 (full 0):
 def new generation   total 4992K, used 179K [0x04810000, 0x04d70000, 0x0f2b0000)
  eden space 4480K,   0% used [0x04810000, 0x04810000, 0x04c70000)
  from space 512K,  34% used [0x04cf0000, 0x04d1cc38, 0x04d70000)
  to   space 512K,   0% used [0x04c70000, 0x04c70000, 0x04cf0000)
 tenured generation   total 10944K, used 9646K [0x0f2b0000, 0x0fd60000, 0x24810000)
   the space 10944K,  88% used [0x0f2b0000, 0x0fc1b908, 0x0fc1ba00, 0x0fd60000)
 compacting perm gen  total 14848K, used 14696K [0x24810000, 0x25690000, 0x34810000)
   the space 14848K,  98% used [0x24810000, 0x2566a3c0, 0x2566a400, 0x25690000)
No shared spaces configured.
}
Event: 3.984 GC heap before
{Heap before GC invocations=272 (full 0):
 def new generation   total 4992K, used 4659K [0x04810000, 0x04d70000, 0x0f2b0000)
  eden space 4480K, 100% used [0x04810000, 0x04c70000, 0x04c70000)
  from space 512K,  34% used [0x04cf0000, 0x04d1cc38, 0x04d70000)
  to   space 512K,   0% used [0x04c70000, 0x04c70000, 0x04cf0000)
 tenured generation   total 10944K, used 9646K [0x0f2b0000, 0x0fd60000, 0x24810000)
   the space 10944K,  88% used [0x0f2b0000, 0x0fc1b908, 0x0fc1ba00, 0x0fd60000)
 compacting perm gen  total 14848K, used 14772K [0x24810000, 0x25690000, 0x34810000)
   the space 14848K,  99% used [0x24810000, 0x2567d238, 0x2567d400, 0x25690000)
No shared spaces configured.
Event: 3.986 GC heap after
Heap after GC invocations=273 (full 0):
 def new generation   total 4992K, used 235K [0x04810000, 0x04d70000, 0x0f2b0000)
  eden space 4480K,   0% used [0x04810000, 0x04810000, 0x04c70000)
  from space 512K,  45% used [0x04c70000, 0x04caad38, 0x04cf0000)
  to   space 512K,   0% used [0x04cf0000, 0x04cf0000, 0x04d70000)
 tenured generation   total 10944K, used 9646K [0x0f2b0000, 0x0fd60000, 0x24810000)
   the space 10944K,  88% used [0x0f2b0000, 0x0fc1b908, 0x0fc1ba00, 0x0fd60000)
 compacting perm gen  total 14848K, used 14772K [0x24810000, 0x25690000, 0x34810000)
   the space 14848K,  99% used [0x24810000, 0x2567d238, 0x2567d400, 0x25690000)
No shared spaces configured.
}

