# JRE version: 7.0_04-b22
# Java VM: Java HotSpot(TM) Client VM (23.0-b21 mixed mode windows-x86 )
Heap
 def new generation   total 4992K, used 4711K [0x042b0000, 0x04810000, 0x0ed50000)
  eden space 4480K, 100% used [0x042b0000, 0x04710000, 0x04710000)
  from space 512K,  45% used [0x04790000, 0x047c9cb8, 0x04810000)
  to   space 512K,   0% used [0x04710000, 0x047113a0, 0x04790000)
 tenured generation   total 10944K, used 9870K [0x0ed50000, 0x0f800000, 0x242b0000)
   the space 10944K,  90% used [0x0ed50000, 0x0f6f39a8, 0x0f6f3a00, 0x0f800000)
 compacting perm gen  total 14848K, used 14827K [0x242b0000, 0x25130000, 0x342b0000)
   the space 14848K,  99% used [0x242b0000, 0x2512ae90, 0x2512b000, 0x25130000)
GC Heap History (10 events):
Event: 4.403 GC heap before
{Heap before GC invocations=245 (full 0):
 def new generation   total 4992K, used 4759K [0x042b0000, 0x04810000, 0x0ed50000)
  eden space 4480K, 100% used [0x042b0000, 0x04710000, 0x04710000)
  from space 512K,  54% used [0x04790000, 0x047d5e30, 0x04810000)
  to   space 512K,   0% used [0x04710000, 0x04710000, 0x04790000)
 tenured generation   total 10944K, used 9787K [0x0ed50000, 0x0f800000, 0x242b0000)
   the space 10944K,  89% used [0x0ed50000, 0x0f6defc8, 0x0f6df000, 0x0f800000)
 compacting perm gen  total 14848K, used 14677K [0x242b0000, 0x25130000, 0x342b0000)
   the space 14848K,  98% used [0x242b0000, 0x25105458, 0x25105600, 0x25130000)
No shared spaces configured.
Event: 4.404 GC heap after
Heap after GC invocations=246 (full 0):
 def new generation   total 4992K, used 250K [0x042b0000, 0x04810000, 0x0ed50000)
  eden space 4480K,   0% used [0x042b0000, 0x042b0000, 0x04710000)
  from space 512K,  48% used [0x04710000, 0x0474eaf8, 0x04790000)
  to   space 512K,   0% used [0x04790000, 0x04790000, 0x04810000)
 tenured generation   total 10944K, used 9834K [0x0ed50000, 0x0f800000, 0x242b0000)
   the space 10944K,  89% used [0x0ed50000, 0x0f6ea970, 0x0f6eaa00, 0x0f800000)
 compacting perm gen  total 14848K, used 14677K [0x242b0000, 0x25130000, 0x342b0000)
   the space 14848K,  98% used [0x242b0000, 0x25105458, 0x25105600, 0x25130000)
No shared spaces configured.
}
Event: 4.415 GC heap before
{Heap before GC invocations=246 (full 0):
 def new generation   total 4992K, used 4730K [0x042b0000, 0x04810000, 0x0ed50000)
  eden space 4480K, 100% used [0x042b0000, 0x04710000, 0x04710000)
  from space 512K,  48% used [0x04710000, 0x0474eaf8, 0x04790000)
  to   space 512K,   0% used [0x04790000, 0x04790000, 0x04810000)
 tenured generation   total 10944K, used 9834K [0x0ed50000, 0x0f800000, 0x242b0000)
   the space 10944K,  89% used [0x0ed50000, 0x0f6ea970, 0x0f6eaa00, 0x0f800000)
 compacting perm gen  total 14848K, used 14686K [0x242b0000, 0x25130000, 0x342b0000)
   the space 14848K,  98% used [0x242b0000, 0x25107a20, 0x25107c00, 0x25130000)
No shared spaces configured.
Event: 4.417 GC heap after
Heap after GC invocations=247 (full 0):
 def new generation   total 4992K, used 177K [0x042b0000, 0x04810000, 0x0ed50000)
  eden space 4480K,   0% used [0x042b0000, 0x042b0000, 0x04710000)
  from space 512K,  34% used [0x04790000, 0x047bc718, 0x04810000)
  to   space 512K,   0% used [0x04710000, 0x04710000, 0x04790000)
 tenured generation   total 10944K, used 9834K [0x0ed50000, 0x0f800000, 0x242b0000)
   the space 10944K,  89% used [0x0ed50000, 0x0f6ea970, 0x0f6eaa00, 0x0f800000)
 compacting perm gen  total 14848K, used 14686K [0x242b0000, 0x25130000, 0x342b0000)
   the space 14848K,  98% used [0x242b0000, 0x25107a20, 0x25107c00, 0x25130000)
No shared spaces configured.
}
Event: 4.427 GC heap before
{Heap before GC invocations=247 (full 0):
 def new generation   total 4992K, used 4657K [0x042b0000, 0x04810000, 0x0ed50000)
  eden space 4480K, 100% used [0x042b0000, 0x04710000, 0x04710000)
  from space 512K,  34% used [0x04790000, 0x047bc718, 0x04810000)
  to   space 512K,   0% used [0x04710000, 0x04710000, 0x04790000)
 tenured generation   total 10944K, used 9834K [0x0ed50000, 0x0f800000, 0x242b0000)
   the space 10944K,  89% used [0x0ed50000, 0x0f6ea970, 0x0f6eaa00, 0x0f800000)
 compacting perm gen  total 14848K, used 14739K [0x242b0000, 0x25130000, 0x342b0000)
   the space 14848K,  99% used [0x242b0000, 0x25114c00, 0x25114c00, 0x25130000)
No shared spaces configured.
Event: 4.428 GC heap after
Heap after GC invocations=248 (full 0):
 def new generation   total 4992K, used 245K [0x042b0000, 0x04810000, 0x0ed50000)
  eden space 4480K,   0% used [0x042b0000, 0x042b0000, 0x04710000)
  from space 512K,  47% used [0x04710000, 0x0474d708, 0x04790000)
  to   space 512K,   0% used [0x04790000, 0x04790000, 0x04810000)
 tenured generation   total 10944K, used 9834K [0x0ed50000, 0x0f800000, 0x242b0000)
   the space 10944K,  89% used [0x0ed50000, 0x0f6ea970, 0x0f6eaa00, 0x0f800000)
 compacting perm gen  total 14848K, used 14739K [0x242b0000, 0x25130000, 0x342b0000)
   the space 14848K,  99% used [0x242b0000, 0x25114c00, 0x25114c00, 0x25130000)
No shared spaces configured.
}
Event: 4.443 GC heap before
{Heap before GC invocations=248 (full 0):
 def new generation   total 4992K, used 4725K [0x042b0000, 0x04810000, 0x0ed50000)
  eden space 4480K, 100% used [0x042b0000, 0x04710000, 0x04710000)
  from space 512K,  47% used [0x04710000, 0x0474d708, 0x04790000)
  to   space 512K,   0% used [0x04790000, 0x04790000, 0x04810000)
 tenured generation   total 10944K, used 9834K [0x0ed50000, 0x0f800000, 0x242b0000)
   the space 10944K,  89% used [0x0ed50000, 0x0f6ea970, 0x0f6eaa00, 0x0f800000)
 compacting perm gen  total 14848K, used 14756K [0x242b0000, 0x25130000, 0x342b0000)
   the space 14848K,  99% used [0x242b0000, 0x251191c8, 0x25119200, 0x25130000)
No shared spaces configured.
Event: 4.445 GC heap after
Heap after GC invocations=249 (full 0):
 def new generation   total 4992K, used 281K [0x042b0000, 0x04810000, 0x0ed50000)
  eden space 4480K,   0% used [0x042b0000, 0x042b0000, 0x04710000)
  from space 512K,  54% used [0x04790000, 0x047d65f8, 0x04810000)
  to   space 512K,   0% used [0x04710000, 0x04710000, 0x04790000)
 tenured generation   total 10944K, used 9834K [0x0ed50000, 0x0f800000, 0x242b0000)
   the space 10944K,  89% used [0x0ed50000, 0x0f6ea970, 0x0f6eaa00, 0x0f800000)
 compacting perm gen  total 14848K, used 14756K [0x242b0000, 0x25130000, 0x342b0000)
   the space 14848K,  99% used [0x242b0000, 0x251191c8, 0x25119200, 0x25130000)
No shared spaces configured.
}
Event: 4.459 GC heap before
{Heap before GC invocations=249 (full 0):
 def new generation   total 4992K, used 4761K [0x042b0000, 0x04810000, 0x0ed50000)
  eden space 4480K, 100% used [0x042b0000, 0x04710000, 0x04710000)
  from space 512K,  54% used [0x04790000, 0x047d65f8, 0x04810000)
  to   space 512K,   0% used [0x04710000, 0x04710000, 0x04790000)
 tenured generation   total 10944K, used 9834K [0x0ed50000, 0x0f800000, 0x242b0000)
   the space 10944K,  89% used [0x0ed50000, 0x0f6ea970, 0x0f6eaa00, 0x0f800000)
 compacting perm gen  total 14848K, used 14827K [0x242b0000, 0x25130000, 0x342b0000)
   the space 14848K,  99% used [0x242b0000, 0x2512ae90, 0x2512b000, 0x25130000)
No shared spaces configured.
Event: 4.461 GC heap after
Heap after GC invocations=250 (full 0):
 def new generation   total 4992K, used 231K [0x042b0000, 0x04810000, 0x0ed50000)
  eden space 4480K,   0% used [0x042b0000, 0x042b0000, 0x04710000)
  from space 512K,  45% used [0x04710000, 0x04749d20, 0x04790000)
  to   space 512K,   0% used [0x04790000, 0x04790000, 0x04810000)
 tenured generation   total 10944K, used 9870K [0x0ed50000, 0x0f800000, 0x242b0000)
   the space 10944K,  90% used [0x0ed50000, 0x0f6f39a8, 0x0f6f3a00, 0x0f800000)
 compacting perm gen  total 14848K, used 14827K [0x242b0000, 0x25130000, 0x342b0000)
   the space 14848K,  99% used [0x242b0000, 0x2512ae90, 0x2512b000, 0x25130000)
No shared spaces configured.
}

