# JRE version: 7.0_04-b22
# Java VM: Java HotSpot(TM) Client VM (23.0-b21 mixed mode windows-x86 )
Heap
 def new generation   total 4992K, used 2305K [0x047d0000, 0x04d30000, 0x0f270000)
  eden space 4480K,  45% used [0x047d0000, 0x049d1f50, 0x04c30000)
  from space 512K,  48% used [0x04c30000, 0x04c6e890, 0x04cb0000)
  to   space 512K,   0% used [0x04cb0000, 0x04cb0000, 0x04d30000)
 tenured generation   total 10944K, used 9586K [0x0f270000, 0x0fd20000, 0x247d0000)
   the space 10944K,  87% used [0x0f270000, 0x0fbcc8b8, 0x0fbcca00, 0x0fd20000)
 compacting perm gen  total 14848K, used 14785K [0x247d0000, 0x25650000, 0x347d0000)
   the space 14848K,  99% used [0x247d0000, 0x25640608, 0x25640800, 0x25650000)
GC Heap History (10 events):
Event: 24.213 GC heap after
Heap after GC invocations=2082 (full 0):
 def new generation   total 4992K, used 156K [0x047d0000, 0x04d30000, 0x0f270000)
  eden space 4480K,   0% used [0x047d0000, 0x047d0000, 0x04c30000)
  from space 512K,  30% used [0x04c30000, 0x04c57278, 0x04cb0000)
  to   space 512K,   0% used [0x04cb0000, 0x04cb0000, 0x04d30000)
 tenured generation   total 10944K, used 9586K [0x0f270000, 0x0fd20000, 0x247d0000)
   the space 10944K,  87% used [0x0f270000, 0x0fbcc8b8, 0x0fbcca00, 0x0fd20000)
 compacting perm gen  total 14848K, used 14636K [0x247d0000, 0x25650000, 0x347d0000)
   the space 14848K,  98% used [0x247d0000, 0x2561b290, 0x2561b400, 0x25650000)
No shared spaces configured.
}
Event: 24.223 GC heap before
{Heap before GC invocations=2082 (full 0):
 def new generation   total 4992K, used 4636K [0x047d0000, 0x04d30000, 0x0f270000)
  eden space 4480K, 100% used [0x047d0000, 0x04c30000, 0x04c30000)
  from space 512K,  30% used [0x04c30000, 0x04c57278, 0x04cb0000)
  to   space 512K,   0% used [0x04cb0000, 0x04cb0000, 0x04d30000)
 tenured generation   total 10944K, used 9586K [0x0f270000, 0x0fd20000, 0x247d0000)
   the space 10944K,  87% used [0x0f270000, 0x0fbcc8b8, 0x0fbcca00, 0x0fd20000)
 compacting perm gen  total 14848K, used 14696K [0x247d0000, 0x25650000, 0x347d0000)
   the space 14848K,  98% used [0x247d0000, 0x2562a378, 0x2562a400, 0x25650000)
No shared spaces configured.
Event: 24.224 GC heap after
Heap after GC invocations=2083 (full 0):
 def new generation   total 4992K, used 251K [0x047d0000, 0x04d30000, 0x0f270000)
  eden space 4480K,   0% used [0x047d0000, 0x047d0000, 0x04c30000)
  from space 512K,  49% used [0x04cb0000, 0x04ceedf0, 0x04d30000)
  to   space 512K,   0% used [0x04c30000, 0x04c30000, 0x04cb0000)
 tenured generation   total 10944K, used 9586K [0x0f270000, 0x0fd20000, 0x247d0000)
   the space 10944K,  87% used [0x0f270000, 0x0fbcc8b8, 0x0fbcca00, 0x0fd20000)
 compacting perm gen  total 14848K, used 14696K [0x247d0000, 0x25650000, 0x347d0000)
   the space 14848K,  98% used [0x247d0000, 0x2562a378, 0x2562a400, 0x25650000)
No shared spaces configured.
}
Event: 24.235 GC heap before
{Heap before GC invocations=2083 (full 0):
 def new generation   total 4992K, used 4731K [0x047d0000, 0x04d30000, 0x0f270000)
  eden space 4480K, 100% used [0x047d0000, 0x04c30000, 0x04c30000)
  from space 512K,  49% used [0x04cb0000, 0x04ceedf0, 0x04d30000)
  to   space 512K,   0% used [0x04c30000, 0x04c30000, 0x04cb0000)
 tenured generation   total 10944K, used 9586K [0x0f270000, 0x0fd20000, 0x247d0000)
   the space 10944K,  87% used [0x0f270000, 0x0fbcc8b8, 0x0fbcca00, 0x0fd20000)
 compacting perm gen  total 14848K, used 14703K [0x247d0000, 0x25650000, 0x347d0000)
   the space 14848K,  99% used [0x247d0000, 0x2562bc68, 0x2562be00, 0x25650000)
No shared spaces configured.
Event: 24.237 GC heap after
Heap after GC invocations=2084 (full 0):
 def new generation   total 4992K, used 183K [0x047d0000, 0x04d30000, 0x0f270000)
  eden space 4480K,   0% used [0x047d0000, 0x047d0000, 0x04c30000)
  from space 512K,  35% used [0x04c30000, 0x04c5df88, 0x04cb0000)
  to   space 512K,   0% used [0x04cb0000, 0x04cb0000, 0x04d30000)
 tenured generation   total 10944K, used 9586K [0x0f270000, 0x0fd20000, 0x247d0000)
   the space 10944K,  87% used [0x0f270000, 0x0fbcc8b8, 0x0fbcca00, 0x0fd20000)
 compacting perm gen  total 14848K, used 14703K [0x247d0000, 0x25650000, 0x347d0000)
   the space 14848K,  99% used [0x247d0000, 0x2562bc68, 0x2562be00, 0x25650000)
No shared spaces configured.
}
Event: 24.248 GC heap before
{Heap before GC invocations=2084 (full 0):
 def new generation   total 4992K, used 4663K [0x047d0000, 0x04d30000, 0x0f270000)
  eden space 4480K, 100% used [0x047d0000, 0x04c30000, 0x04c30000)
  from space 512K,  35% used [0x04c30000, 0x04c5df88, 0x04cb0000)
  to   space 512K,   0% used [0x04cb0000, 0x04cb0000, 0x04d30000)
 tenured generation   total 10944K, used 9586K [0x0f270000, 0x0fd20000, 0x247d0000)
   the space 10944K,  87% used [0x0f270000, 0x0fbcc8b8, 0x0fbcca00, 0x0fd20000)
 compacting perm gen  total 14848K, used 14785K [0x247d0000, 0x25650000, 0x347d0000)
   the space 14848K,  99% used [0x247d0000, 0x25640608, 0x25640800, 0x25650000)
No shared spaces configured.
Event: 24.250 GC heap after
Heap after GC invocations=2085 (full 0):
 def new generation   total 4992K, used 250K [0x047d0000, 0x04d30000, 0x0f270000)
  eden space 4480K,   0% used [0x047d0000, 0x047d0000, 0x04c30000)
  from space 512K,  48% used [0x04cb0000, 0x04cee960, 0x04d30000)
  to   space 512K,   0% used [0x04c30000, 0x04c30000, 0x04cb0000)
 tenured generation   total 10944K, used 9586K [0x0f270000, 0x0fd20000, 0x247d0000)
   the space 10944K,  87% used [0x0f270000, 0x0fbcc8b8, 0x0fbcca00, 0x0fd20000)
 compacting perm gen  total 14848K, used 14785K [0x247d0000, 0x25650000, 0x347d0000)
   the space 14848K,  99% used [0x247d0000, 0x25640608, 0x25640800, 0x25650000)
No shared spaces configured.
}
Event: 24.260 GC heap before
{Heap before GC invocations=2085 (full 0):
 def new generation   total 4992K, used 4730K [0x047d0000, 0x04d30000, 0x0f270000)
  eden space 4480K, 100% used [0x047d0000, 0x04c30000, 0x04c30000)
  from space 512K,  48% used [0x04cb0000, 0x04cee960, 0x04d30000)
  to   space 512K,   0% used [0x04c30000, 0x04c30000, 0x04cb0000)
 tenured generation   total 10944K, used 9586K [0x0f270000, 0x0fd20000, 0x247d0000)
   the space 10944K,  87% used [0x0f270000, 0x0fbcc8b8, 0x0fbcca00, 0x0fd20000)
 compacting perm gen  total 14848K, used 14785K [0x247d0000, 0x25650000, 0x347d0000)
   the space 14848K,  99% used [0x247d0000, 0x25640608, 0x25640800, 0x25650000)
No shared spaces configured.
Event: 24.262 GC heap after
Heap after GC invocations=2086 (full 0):
 def new generation   total 4992K, used 250K [0x047d0000, 0x04d30000, 0x0f270000)
  eden space 4480K,   0% used [0x047d0000, 0x047d0000, 0x04c30000)
  from space 512K,  48% used [0x04c30000, 0x04c6e890, 0x04cb0000)
  to   space 512K,   0% used [0x04cb0000, 0x04cb0000, 0x04d30000)
 tenured generation   total 10944K, used 9586K [0x0f270000, 0x0fd20000, 0x247d0000)
   the space 10944K,  87% used [0x0f270000, 0x0fbcc8b8, 0x0fbcca00, 0x0fd20000)
 compacting perm gen  total 14848K, used 14785K [0x247d0000, 0x25650000, 0x347d0000)
   the space 14848K,  99% used [0x247d0000, 0x25640608, 0x25640800, 0x25650000)
No shared spaces configured.
}
Event: 24.272 GC heap before
{Heap before GC invocations=2086 (full 0):
 def new generation   total 4992K, used 4730K [0x047d0000, 0x04d30000, 0x0f270000)
  eden space 4480K, 100% used [0x047d0000, 0x04c30000, 0x04c30000)
  from space 512K,  48% used [0x04c30000, 0x04c6e890, 0x04cb0000)
  to   space 512K,   0% used [0x04cb0000, 0x04cb0000, 0x04d30000)
 tenured generation   total 10944K, used 9586K [0x0f270000, 0x0fd20000, 0x247d0000)
   the space 10944K,  87% used [0x0f270000, 0x0fbcc8b8, 0x0fbcca00, 0x0fd20000)
 compacting perm gen  total 14848K, used 14785K [0x247d0000, 0x25650000, 0x347d0000)
   the space 14848K,  99% used [0x247d0000, 0x25640608, 0x25640800, 0x25650000)
No shared spaces configured.

