# JRE version: 7.0_04-b22
# Java VM: Java HotSpot(TM) Client VM (23.0-b21 mixed mode windows-x86 )
Heap
 def new generation   total 4992K, used 896K [0x044e0000, 0x04a40000, 0x0ef80000)
  eden space 4480K,  14% used [0x044e0000, 0x04582868, 0x04940000)
  from space 512K,  48% used [0x049c0000, 0x049fd980, 0x04a40000)
  to   space 512K,   0% used [0x04940000, 0x04940000, 0x049c0000)
 tenured generation   total 10944K, used 9941K [0x0ef80000, 0x0fa30000, 0x244e0000)
   the space 10944K,  90% used [0x0ef80000, 0x0f935688, 0x0f935800, 0x0fa30000)
 compacting perm gen  total 14848K, used 14809K [0x244e0000, 0x25360000, 0x344e0000)
   the space 14848K,  99% used [0x244e0000, 0x25356600, 0x25356600, 0x25360000)
GC Heap History (10 events):
Event: 4.395 GC heap before
{Heap before GC invocations=240 (full 0):
 def new generation   total 4992K, used 4757K [0x044e0000, 0x04a40000, 0x0ef80000)
  eden space 4480K, 100% used [0x044e0000, 0x04940000, 0x04940000)
  from space 512K,  54% used [0x04940000, 0x04985680, 0x049c0000)
  to   space 512K,   0% used [0x049c0000, 0x049c0000, 0x04a40000)
 tenured generation   total 10944K, used 9877K [0x0ef80000, 0x0fa30000, 0x244e0000)
   the space 10944K,  90% used [0x0ef80000, 0x0f925768, 0x0f925800, 0x0fa30000)
 compacting perm gen  total 14848K, used 14658K [0x244e0000, 0x25360000, 0x344e0000)
   the space 14848K,  98% used [0x244e0000, 0x25330bd8, 0x25330c00, 0x25360000)
No shared spaces configured.
Event: 4.397 GC heap after
Heap after GC invocations=241 (full 0):
 def new generation   total 4992K, used 237K [0x044e0000, 0x04a40000, 0x0ef80000)
  eden space 4480K,   0% used [0x044e0000, 0x044e0000, 0x04940000)
  from space 512K,  46% used [0x049c0000, 0x049fb528, 0x04a40000)
  to   space 512K,   0% used [0x04940000, 0x04940000, 0x049c0000)
 tenured generation   total 10944K, used 9927K [0x0ef80000, 0x0fa30000, 0x244e0000)
   the space 10944K,  90% used [0x0ef80000, 0x0f931d28, 0x0f931e00, 0x0fa30000)
 compacting perm gen  total 14848K, used 14658K [0x244e0000, 0x25360000, 0x344e0000)
   the space 14848K,  98% used [0x244e0000, 0x25330bd8, 0x25330c00, 0x25360000)
No shared spaces configured.
}
Event: 4.411 GC heap before
{Heap before GC invocations=241 (full 0):
 def new generation   total 4992K, used 4717K [0x044e0000, 0x04a40000, 0x0ef80000)
  eden space 4480K, 100% used [0x044e0000, 0x04940000, 0x04940000)
  from space 512K,  46% used [0x049c0000, 0x049fb528, 0x04a40000)
  to   space 512K,   0% used [0x04940000, 0x04940000, 0x049c0000)
 tenured generation   total 10944K, used 9927K [0x0ef80000, 0x0fa30000, 0x244e0000)
   the space 10944K,  90% used [0x0ef80000, 0x0f931d28, 0x0f931e00, 0x0fa30000)
 compacting perm gen  total 14848K, used 14666K [0x244e0000, 0x25360000, 0x344e0000)
   the space 14848K,  98% used [0x244e0000, 0x25332a68, 0x25332c00, 0x25360000)
No shared spaces configured.
Event: 4.412 GC heap after
Heap after GC invocations=242 (full 0):
 def new generation   total 4992K, used 170K [0x044e0000, 0x04a40000, 0x0ef80000)
  eden space 4480K,   0% used [0x044e0000, 0x044e0000, 0x04940000)
  from space 512K,  33% used [0x04940000, 0x0496a9a8, 0x049c0000)
  to   space 512K,   0% used [0x049c0000, 0x049c0000, 0x04a40000)
 tenured generation   total 10944K, used 9927K [0x0ef80000, 0x0fa30000, 0x244e0000)
   the space 10944K,  90% used [0x0ef80000, 0x0f931d28, 0x0f931e00, 0x0fa30000)
 compacting perm gen  total 14848K, used 14666K [0x244e0000, 0x25360000, 0x344e0000)
   the space 14848K,  98% used [0x244e0000, 0x25332a68, 0x25332c00, 0x25360000)
No shared spaces configured.
}
Event: 4.423 GC heap before
{Heap before GC invocations=242 (full 0):
 def new generation   total 4992K, used 4650K [0x044e0000, 0x04a40000, 0x0ef80000)
  eden space 4480K, 100% used [0x044e0000, 0x04940000, 0x04940000)
  from space 512K,  33% used [0x04940000, 0x0496a9a8, 0x049c0000)
  to   space 512K,   0% used [0x049c0000, 0x049c0000, 0x04a40000)
 tenured generation   total 10944K, used 9927K [0x0ef80000, 0x0fa30000, 0x244e0000)
   the space 10944K,  90% used [0x0ef80000, 0x0f931d28, 0x0f931e00, 0x0fa30000)
 compacting perm gen  total 14848K, used 14720K [0x244e0000, 0x25360000, 0x344e0000)
   the space 14848K,  99% used [0x244e0000, 0x25340380, 0x25340400, 0x25360000)
No shared spaces configured.
Event: 4.425 GC heap after
Heap after GC invocations=243 (full 0):
 def new generation   total 4992K, used 235K [0x044e0000, 0x04a40000, 0x0ef80000)
  eden space 4480K,   0% used [0x044e0000, 0x044e0000, 0x04940000)
  from space 512K,  46% used [0x049c0000, 0x049faff8, 0x04a40000)
  to   space 512K,   0% used [0x04940000, 0x04940000, 0x049c0000)
 tenured generation   total 10944K, used 9927K [0x0ef80000, 0x0fa30000, 0x244e0000)
   the space 10944K,  90% used [0x0ef80000, 0x0f931d28, 0x0f931e00, 0x0fa30000)
 compacting perm gen  total 14848K, used 14720K [0x244e0000, 0x25360000, 0x344e0000)
   the space 14848K,  99% used [0x244e0000, 0x25340380, 0x25340400, 0x25360000)
No shared spaces configured.
}
Event: 4.434 GC heap before
{Heap before GC invocations=243 (full 0):
 def new generation   total 4992K, used 4715K [0x044e0000, 0x04a40000, 0x0ef80000)
  eden space 4480K, 100% used [0x044e0000, 0x04940000, 0x04940000)
  from space 512K,  46% used [0x049c0000, 0x049faff8, 0x04a40000)
  to   space 512K,   0% used [0x04940000, 0x04940000, 0x049c0000)
 tenured generation   total 10944K, used 9927K [0x0ef80000, 0x0fa30000, 0x244e0000)
   the space 10944K,  90% used [0x0ef80000, 0x0f931d28, 0x0f931e00, 0x0fa30000)
 compacting perm gen  total 14848K, used 14727K [0x244e0000, 0x25360000, 0x344e0000)
   the space 14848K,  99% used [0x244e0000, 0x25341c60, 0x25341e00, 0x25360000)
No shared spaces configured.
Event: 4.436 GC heap after
Heap after GC invocations=244 (full 0):
 def new generation   total 4992K, used 193K [0x044e0000, 0x04a40000, 0x0ef80000)
  eden space 4480K,   0% used [0x044e0000, 0x044e0000, 0x04940000)
  from space 512K,  37% used [0x04940000, 0x04970798, 0x049c0000)
  to   space 512K,   0% used [0x049c0000, 0x049c0000, 0x04a40000)
 tenured generation   total 10944K, used 9927K [0x0ef80000, 0x0fa30000, 0x244e0000)
   the space 10944K,  90% used [0x0ef80000, 0x0f931d28, 0x0f931e00, 0x0fa30000)
 compacting perm gen  total 14848K, used 14727K [0x244e0000, 0x25360000, 0x344e0000)
   the space 14848K,  99% used [0x244e0000, 0x25341c60, 0x25341e00, 0x25360000)
No shared spaces configured.
}
Event: 4.451 GC heap before
{Heap before GC invocations=244 (full 0):
 def new generation   total 4992K, used 4673K [0x044e0000, 0x04a40000, 0x0ef80000)
  eden space 4480K, 100% used [0x044e0000, 0x04940000, 0x04940000)
  from space 512K,  37% used [0x04940000, 0x04970798, 0x049c0000)
  to   space 512K,   0% used [0x049c0000, 0x049c0000, 0x04a40000)
 tenured generation   total 10944K, used 9927K [0x0ef80000, 0x0fa30000, 0x244e0000)
   the space 10944K,  90% used [0x0ef80000, 0x0f931d28, 0x0f931e00, 0x0fa30000)
 compacting perm gen  total 14848K, used 14809K [0x244e0000, 0x25360000, 0x344e0000)
   the space 14848K,  99% used [0x244e0000, 0x25356600, 0x25356600, 0x25360000)
No shared spaces configured.
Event: 4.453 GC heap after
Heap after GC invocations=245 (full 0):
 def new generation   total 4992K, used 260K [0x044e0000, 0x04a40000, 0x0ef80000)
  eden space 4480K,   0% used [0x044e0000, 0x044e0000, 0x04940000)
  from space 512K,  50% used [0x049c0000, 0x04a013b0, 0x04a40000)
  to   space 512K,   0% used [0x04940000, 0x04940000, 0x049c0000)
 tenured generation   total 10944K, used 9927K [0x0ef80000, 0x0fa30000, 0x244e0000)
   the space 10944K,  90% used [0x0ef80000, 0x0f931d28, 0x0f931e00, 0x0fa30000)
 compacting perm gen  total 14848K, used 14809K [0x244e0000, 0x25360000, 0x344e0000)
   the space 14848K,  99% used [0x244e0000, 0x25356600, 0x25356600, 0x25360000)
No shared spaces configured.
}

