# JRE version: 7.0_04-b22
# Java VM: Java HotSpot(TM) Client VM (23.0-b21 mixed mode windows-x86 )
Heap
 def new generation   total 4992K, used 4148K [0x047f0000, 0x04d50000, 0x0f290000)
  eden space 4480K,  89% used [0x047f0000, 0x04bddf90, 0x04c50000)
  from space 512K,  24% used [0x04c50000, 0x04c6f0f8, 0x04cd0000)
  to   space 512K,   0% used [0x04cd0000, 0x04cd0000, 0x04d50000)
 tenured generation   total 10944K, used 9855K [0x0f290000, 0x0fd40000, 0x247f0000)
   the space 10944K,  90% used [0x0f290000, 0x0fc2fcf8, 0x0fc2fe00, 0x0fd40000)
 compacting perm gen  total 14848K, used 14805K [0x247f0000, 0x25670000, 0x347f0000)
   the space 14848K,  99% used [0x247f0000, 0x25665490, 0x25665600, 0x25670000)
GC Heap History (10 events):
Event: 6.081 GC heap before
{Heap before GC invocations=382 (full 0):
 def new generation   total 4992K, used 4724K [0x047f0000, 0x04d50000, 0x0f290000)
  eden space 4480K, 100% used [0x047f0000, 0x04c50000, 0x04c50000)
  from space 512K,  47% used [0x04cd0000, 0x04d0d0c8, 0x04d50000)
  to   space 512K,   0% used [0x04c50000, 0x04c50000, 0x04cd0000)
 tenured generation   total 10944K, used 9735K [0x0f290000, 0x0fd40000, 0x247f0000)
   the space 10944K,  88% used [0x0f290000, 0x0fc11dd8, 0x0fc11e00, 0x0fd40000)
 compacting perm gen  total 14848K, used 14805K [0x247f0000, 0x25670000, 0x347f0000)
   the space 14848K,  99% used [0x247f0000, 0x25665490, 0x25665600, 0x25670000)
No shared spaces configured.
Event: 6.083 GC heap after
Heap after GC invocations=383 (full 0):
 def new generation   total 4992K, used 244K [0x047f0000, 0x04d50000, 0x0f290000)
  eden space 4480K,   0% used [0x047f0000, 0x047f0000, 0x04c50000)
  from space 512K,  47% used [0x04c50000, 0x04c8d018, 0x04cd0000)
  to   space 512K,   0% used [0x04cd0000, 0x04cd0000, 0x04d50000)
 tenured generation   total 10944K, used 9735K [0x0f290000, 0x0fd40000, 0x247f0000)
   the space 10944K,  88% used [0x0f290000, 0x0fc11dd8, 0x0fc11e00, 0x0fd40000)
 compacting perm gen  total 14848K, used 14805K [0x247f0000, 0x25670000, 0x347f0000)
   the space 14848K,  99% used [0x247f0000, 0x25665490, 0x25665600, 0x25670000)
No shared spaces configured.
}
Event: 6.095 GC heap before
{Heap before GC invocations=383 (full 0):
 def new generation   total 4992K, used 4724K [0x047f0000, 0x04d50000, 0x0f290000)
  eden space 4480K, 100% used [0x047f0000, 0x04c50000, 0x04c50000)
  from space 512K,  47% used [0x04c50000, 0x04c8d018, 0x04cd0000)
  to   space 512K,   0% used [0x04cd0000, 0x04cd0000, 0x04d50000)
 tenured generation   total 10944K, used 9735K [0x0f290000, 0x0fd40000, 0x247f0000)
   the space 10944K,  88% used [0x0f290000, 0x0fc11dd8, 0x0fc11e00, 0x0fd40000)
 compacting perm gen  total 14848K, used 14805K [0x247f0000, 0x25670000, 0x347f0000)
   the space 14848K,  99% used [0x247f0000, 0x25665490, 0x25665600, 0x25670000)
No shared spaces configured.
Event: 6.097 GC heap after
Heap after GC invocations=384 (full 0):
 def new generation   total 4992K, used 244K [0x047f0000, 0x04d50000, 0x0f290000)
  eden space 4480K,   0% used [0x047f0000, 0x047f0000, 0x04c50000)
  from space 512K,  47% used [0x04cd0000, 0x04d0d018, 0x04d50000)
  to   space 512K,   0% used [0x04c50000, 0x04c50000, 0x04cd0000)
 tenured generation   total 10944K, used 9735K [0x0f290000, 0x0fd40000, 0x247f0000)
   the space 10944K,  88% used [0x0f290000, 0x0fc11dd8, 0x0fc11e00, 0x0fd40000)
 compacting perm gen  total 14848K, used 14805K [0x247f0000, 0x25670000, 0x347f0000)
   the space 14848K,  99% used [0x247f0000, 0x25665490, 0x25665600, 0x25670000)
No shared spaces configured.
}
Event: 6.112 GC heap before
{Heap before GC invocations=384 (full 0):
 def new generation   total 4992K, used 4724K [0x047f0000, 0x04d50000, 0x0f290000)
  eden space 4480K, 100% used [0x047f0000, 0x04c50000, 0x04c50000)
  from space 512K,  47% used [0x04cd0000, 0x04d0d018, 0x04d50000)
  to   space 512K,   0% used [0x04c50000, 0x04c50000, 0x04cd0000)
 tenured generation   total 10944K, used 9735K [0x0f290000, 0x0fd40000, 0x247f0000)
   the space 10944K,  88% used [0x0f290000, 0x0fc11dd8, 0x0fc11e00, 0x0fd40000)
 compacting perm gen  total 14848K, used 14805K [0x247f0000, 0x25670000, 0x347f0000)
   the space 14848K,  99% used [0x247f0000, 0x25665490, 0x25665600, 0x25670000)
No shared spaces configured.
Event: 6.113 GC heap after
Heap after GC invocations=385 (full 0):
 def new generation   total 4992K, used 244K [0x047f0000, 0x04d50000, 0x0f290000)
  eden space 4480K,   0% used [0x047f0000, 0x047f0000, 0x04c50000)
  from space 512K,  47% used [0x04c50000, 0x04c8d018, 0x04cd0000)
  to   space 512K,   0% used [0x04cd0000, 0x04cd0000, 0x04d50000)
 tenured generation   total 10944K, used 9735K [0x0f290000, 0x0fd40000, 0x247f0000)
   the space 10944K,  88% used [0x0f290000, 0x0fc11dd8, 0x0fc11e00, 0x0fd40000)
 compacting perm gen  total 14848K, used 14805K [0x247f0000, 0x25670000, 0x347f0000)
   the space 14848K,  99% used [0x247f0000, 0x25665490, 0x25665600, 0x25670000)
No shared spaces configured.
}
Event: 6.124 GC heap before
{Heap before GC invocations=385 (full 0):
 def new generation   total 4992K, used 4724K [0x047f0000, 0x04d50000, 0x0f290000)
  eden space 4480K, 100% used [0x047f0000, 0x04c50000, 0x04c50000)
  from space 512K,  47% used [0x04c50000, 0x04c8d018, 0x04cd0000)
  to   space 512K,   0% used [0x04cd0000, 0x04cd0000, 0x04d50000)
 tenured generation   total 10944K, used 9735K [0x0f290000, 0x0fd40000, 0x247f0000)
   the space 10944K,  88% used [0x0f290000, 0x0fc11dd8, 0x0fc11e00, 0x0fd40000)
 compacting perm gen  total 14848K, used 14805K [0x247f0000, 0x25670000, 0x347f0000)
   the space 14848K,  99% used [0x247f0000, 0x25665490, 0x25665600, 0x25670000)
No shared spaces configured.
Event: 6.126 GC heap after
Heap after GC invocations=386 (full 0):
 def new generation   total 4992K, used 244K [0x047f0000, 0x04d50000, 0x0f290000)
  eden space 4480K,   0% used [0x047f0000, 0x047f0000, 0x04c50000)
  from space 512K,  47% used [0x04cd0000, 0x04d0d018, 0x04d50000)
  to   space 512K,   0% used [0x04c50000, 0x04c50000, 0x04cd0000)
 tenured generation   total 10944K, used 9735K [0x0f290000, 0x0fd40000, 0x247f0000)
   the space 10944K,  88% used [0x0f290000, 0x0fc11dd8, 0x0fc11e00, 0x0fd40000)
 compacting perm gen  total 14848K, used 14805K [0x247f0000, 0x25670000, 0x347f0000)
   the space 14848K,  99% used [0x247f0000, 0x25665490, 0x25665600, 0x25670000)
No shared spaces configured.
}
Event: 6.137 GC heap before
{Heap before GC invocations=386 (full 0):
 def new generation   total 4992K, used 4724K [0x047f0000, 0x04d50000, 0x0f290000)
  eden space 4480K, 100% used [0x047f0000, 0x04c50000, 0x04c50000)
  from space 512K,  47% used [0x04cd0000, 0x04d0d018, 0x04d50000)
  to   space 512K,   0% used [0x04c50000, 0x04c50000, 0x04cd0000)
 tenured generation   total 10944K, used 9735K [0x0f290000, 0x0fd40000, 0x247f0000)
   the space 10944K,  88% used [0x0f290000, 0x0fc11dd8, 0x0fc11e00, 0x0fd40000)
 compacting perm gen  total 14848K, used 14805K [0x247f0000, 0x25670000, 0x347f0000)
   the space 14848K,  99% used [0x247f0000, 0x25665490, 0x25665600, 0x25670000)
No shared spaces configured.
Event: 6.139 GC heap after
Heap after GC invocations=387 (full 0):
 def new generation   total 4992K, used 244K [0x047f0000, 0x04d50000, 0x0f290000)
  eden space 4480K,   0% used [0x047f0000, 0x047f0000, 0x04c50000)
  from space 512K,  47% used [0x04c50000, 0x04c8d018, 0x04cd0000)
  to   space 512K,   0% used [0x04cd0000, 0x04cd0000, 0x04d50000)
 tenured generation   total 10944K, used 9735K [0x0f290000, 0x0fd40000, 0x247f0000)
   the space 10944K,  88% used [0x0f290000, 0x0fc11dd8, 0x0fc11e00, 0x0fd40000)
 compacting perm gen  total 14848K, used 14805K [0x247f0000, 0x25670000, 0x347f0000)
   the space 14848K,  99% used [0x247f0000, 0x25665490, 0x25665600, 0x25670000)
No shared spaces configured.
}

