# JRE version: 7.0_04-b22
# Java VM: Java HotSpot(TM) Client VM (23.0-b21 mixed mode windows-x86 )
Heap
 def new generation   total 4992K, used 860K [0x047e0000, 0x04d40000, 0x0f280000)
  eden space 4480K,  14% used [0x047e0000, 0x04883278, 0x04c40000)
  from space 512K,  40% used [0x04cc0000, 0x04cf3fe8, 0x04d40000)
  to   space 512K,   0% used [0x04c40000, 0x04c40000, 0x04cc0000)
 tenured generation   total 10944K, used 9204K [0x0f280000, 0x0fd30000, 0x247e0000)
   the space 10944K,  84% used [0x0f280000, 0x0fb7d238, 0x0fb7d400, 0x0fd30000)
 compacting perm gen  total 15104K, used 14983K [0x247e0000, 0x256a0000, 0x347e0000)
   the space 15104K,  99% used [0x247e0000, 0x25681e70, 0x25682000, 0x256a0000)
GC Heap History (10 events):
Event: 10.373 GC heap before
{Heap before GC invocations=832 (full 0):
 def new generation   total 4992K, used 4656K [0x047e0000, 0x04d40000, 0x0f280000)
  eden space 4480K, 100% used [0x047e0000, 0x04c40000, 0x04c40000)
  from space 512K,  34% used [0x04c40000, 0x04c6c080, 0x04cc0000)
  to   space 512K,   0% used [0x04cc0000, 0x04cc0000, 0x04d40000)
 tenured generation   total 10944K, used 9204K [0x0f280000, 0x0fd30000, 0x247e0000)
   the space 10944K,  84% used [0x0f280000, 0x0fb7d238, 0x0fb7d400, 0x0fd30000)
 compacting perm gen  total 14848K, used 14694K [0x247e0000, 0x25660000, 0x347e0000)
   the space 14848K,  98% used [0x247e0000, 0x25639818, 0x25639a00, 0x25660000)
No shared spaces configured.
Event: 10.374 GC heap after
Heap after GC invocations=833 (full 0):
 def new generation   total 4992K, used 177K [0x047e0000, 0x04d40000, 0x0f280000)
  eden space 4480K,   0% used [0x047e0000, 0x047e0000, 0x04c40000)
  from space 512K,  34% used [0x04cc0000, 0x04cec610, 0x04d40000)
  to   space 512K,   0% used [0x04c40000, 0x04c40000, 0x04cc0000)
 tenured generation   total 10944K, used 9204K [0x0f280000, 0x0fd30000, 0x247e0000)
   the space 10944K,  84% used [0x0f280000, 0x0fb7d238, 0x0fb7d400, 0x0fd30000)
 compacting perm gen  total 14848K, used 14694K [0x247e0000, 0x25660000, 0x347e0000)
   the space 14848K,  98% used [0x247e0000, 0x25639818, 0x25639a00, 0x25660000)
No shared spaces configured.
}
Event: 10.387 GC heap before
{Heap before GC invocations=833 (full 0):
 def new generation   total 4992K, used 4657K [0x047e0000, 0x04d40000, 0x0f280000)
  eden space 4480K, 100% used [0x047e0000, 0x04c40000, 0x04c40000)
  from space 512K,  34% used [0x04cc0000, 0x04cec610, 0x04d40000)
  to   space 512K,   0% used [0x04c40000, 0x04c40000, 0x04cc0000)
 tenured generation   total 10944K, used 9204K [0x0f280000, 0x0fd30000, 0x247e0000)
   the space 10944K,  84% used [0x0f280000, 0x0fb7d238, 0x0fb7d400, 0x0fd30000)
 compacting perm gen  total 14848K, used 14742K [0x247e0000, 0x25660000, 0x347e0000)
   the space 14848K,  99% used [0x247e0000, 0x256459e0, 0x25645a00, 0x25660000)
No shared spaces configured.
Event: 10.389 GC heap after
Heap after GC invocations=834 (full 0):
 def new generation   total 4992K, used 217K [0x047e0000, 0x04d40000, 0x0f280000)
  eden space 4480K,   0% used [0x047e0000, 0x047e0000, 0x04c40000)
  from space 512K,  42% used [0x04c40000, 0x04c76758, 0x04cc0000)
  to   space 512K,   0% used [0x04cc0000, 0x04cc0000, 0x04d40000)
 tenured generation   total 10944K, used 9204K [0x0f280000, 0x0fd30000, 0x247e0000)
   the space 10944K,  84% used [0x0f280000, 0x0fb7d238, 0x0fb7d400, 0x0fd30000)
 compacting perm gen  total 14848K, used 14742K [0x247e0000, 0x25660000, 0x347e0000)
   the space 14848K,  99% used [0x247e0000, 0x256459e0, 0x25645a00, 0x25660000)
No shared spaces configured.
}
Event: 10.402 GC heap before
{Heap before GC invocations=834 (full 0):
 def new generation   total 4992K, used 4697K [0x047e0000, 0x04d40000, 0x0f280000)
  eden space 4480K, 100% used [0x047e0000, 0x04c40000, 0x04c40000)
  from space 512K,  42% used [0x04c40000, 0x04c76758, 0x04cc0000)
  to   space 512K,   0% used [0x04cc0000, 0x04cc0000, 0x04d40000)
 tenured generation   total 10944K, used 9204K [0x0f280000, 0x0fd30000, 0x247e0000)
   the space 10944K,  84% used [0x0f280000, 0x0fb7d238, 0x0fb7d400, 0x0fd30000)
 compacting perm gen  total 14848K, used 14834K [0x247e0000, 0x25660000, 0x347e0000)
   the space 14848K,  99% used [0x247e0000, 0x2565c900, 0x2565ca00, 0x25660000)
No shared spaces configured.
Event: 10.403 GC heap after
Heap after GC invocations=835 (full 0):
 def new generation   total 4992K, used 228K [0x047e0000, 0x04d40000, 0x0f280000)
  eden space 4480K,   0% used [0x047e0000, 0x047e0000, 0x04c40000)
  from space 512K,  44% used [0x04cc0000, 0x04cf90b8, 0x04d40000)
  to   space 512K,   0% used [0x04c40000, 0x04c40000, 0x04cc0000)
 tenured generation   total 10944K, used 9204K [0x0f280000, 0x0fd30000, 0x247e0000)
   the space 10944K,  84% used [0x0f280000, 0x0fb7d238, 0x0fb7d400, 0x0fd30000)
 compacting perm gen  total 14848K, used 14834K [0x247e0000, 0x25660000, 0x347e0000)
   the space 14848K,  99% used [0x247e0000, 0x2565c900, 0x2565ca00, 0x25660000)
No shared spaces configured.
}
Event: 10.416 GC heap before
{Heap before GC invocations=835 (full 0):
 def new generation   total 4992K, used 4708K [0x047e0000, 0x04d40000, 0x0f280000)
  eden space 4480K, 100% used [0x047e0000, 0x04c40000, 0x04c40000)
  from space 512K,  44% used [0x04cc0000, 0x04cf90b8, 0x04d40000)
  to   space 512K,   0% used [0x04c40000, 0x04c40000, 0x04cc0000)
 tenured generation   total 10944K, used 9204K [0x0f280000, 0x0fd30000, 0x247e0000)
   the space 10944K,  84% used [0x0f280000, 0x0fb7d238, 0x0fb7d400, 0x0fd30000)
 compacting perm gen  total 15104K, used 14947K [0x247e0000, 0x256a0000, 0x347e0000)
   the space 15104K,  98% used [0x247e0000, 0x25678d08, 0x25678e00, 0x256a0000)
No shared spaces configured.
Event: 10.418 GC heap after
Heap after GC invocations=836 (full 0):
 def new generation   total 4992K, used 226K [0x047e0000, 0x04d40000, 0x0f280000)
  eden space 4480K,   0% used [0x047e0000, 0x047e0000, 0x04c40000)
  from space 512K,  44% used [0x04c40000, 0x04c78b08, 0x04cc0000)
  to   space 512K,   0% used [0x04cc0000, 0x04cc0000, 0x04d40000)
 tenured generation   total 10944K, used 9204K [0x0f280000, 0x0fd30000, 0x247e0000)
   the space 10944K,  84% used [0x0f280000, 0x0fb7d238, 0x0fb7d400, 0x0fd30000)
 compacting perm gen  total 15104K, used 14947K [0x247e0000, 0x256a0000, 0x347e0000)
   the space 15104K,  98% used [0x247e0000, 0x25678d08, 0x25678e00, 0x256a0000)
No shared spaces configured.
}
Event: 10.431 GC heap before
{Heap before GC invocations=836 (full 0):
 def new generation   total 4992K, used 4706K [0x047e0000, 0x04d40000, 0x0f280000)
  eden space 4480K, 100% used [0x047e0000, 0x04c40000, 0x04c40000)
  from space 512K,  44% used [0x04c40000, 0x04c78b08, 0x04cc0000)
  to   space 512K,   0% used [0x04cc0000, 0x04cc0000, 0x04d40000)
 tenured generation   total 10944K, used 9204K [0x0f280000, 0x0fd30000, 0x247e0000)
   the space 10944K,  84% used [0x0f280000, 0x0fb7d238, 0x0fb7d400, 0x0fd30000)
 compacting perm gen  total 15104K, used 14983K [0x247e0000, 0x256a0000, 0x347e0000)
   the space 15104K,  99% used [0x247e0000, 0x25681e70, 0x25682000, 0x256a0000)
No shared spaces configured.
Event: 10.434 GC heap after
Heap after GC invocations=837 (full 0):
 def new generation   total 4992K, used 216K [0x047e0000, 0x04d40000, 0x0f280000)
  eden space 4480K,   0% used [0x047e0000, 0x047e0000, 0x04c40000)
  from space 512K,  42% used [0x04cc0000, 0x04cf60e8, 0x04d40000)
  to   space 512K,   0% used [0x04c40000, 0x04c40000, 0x04cc0000)
 tenured generation   total 10944K, used 9204K [0x0f280000, 0x0fd30000, 0x247e0000)
   the space 10944K,  84% used [0x0f280000, 0x0fb7d238, 0x0fb7d400, 0x0fd30000)
 compacting perm gen  total 15104K, used 14983K [0x247e0000, 0x256a0000, 0x347e0000)
   the space 15104K,  99% used [0x247e0000, 0x25681e70, 0x25682000, 0x256a0000)
No shared spaces configured.
}

