# JRE version: 7.0_04-b22
# Java VM: Java HotSpot(TM) Client VM (23.0-b21 mixed mode windows-x86 )
Heap
 def new generation   total 4992K, used 3419K [0x04760000, 0x04cc0000, 0x0f200000)
  eden space 4480K,  71% used [0x04760000, 0x04a7cfd0, 0x04bc0000)
  from space 512K,  45% used [0x04c40000, 0x04c79e88, 0x04cc0000)
  to   space 512K,   0% used [0x04bc0000, 0x04bc0000, 0x04c40000)
 tenured generation   total 10944K, used 9850K [0x0f200000, 0x0fcb0000, 0x24760000)
   the space 10944K,  90% used [0x0f200000, 0x0fb9eab0, 0x0fb9ec00, 0x0fcb0000)
 compacting perm gen  total 14848K, used 14824K [0x24760000, 0x255e0000, 0x34760000)
   the space 14848K,  99% used [0x24760000, 0x255da250, 0x255da400, 0x255e0000)
GC Heap History (10 events):
Event: 5.020 GC heap before
{Heap before GC invocations=300 (full 0):
 def new generation   total 4992K, used 4731K [0x04760000, 0x04cc0000, 0x0f200000)
  eden space 4480K, 100% used [0x04760000, 0x04bc0000, 0x04bc0000)
  from space 512K,  49% used [0x04c40000, 0x04c7ef98, 0x04cc0000)
  to   space 512K,   0% used [0x04bc0000, 0x04bc0000, 0x04c40000)
 tenured generation   total 10944K, used 9808K [0x0f200000, 0x0fcb0000, 0x24760000)
   the space 10944K,  89% used [0x0f200000, 0x0fb94118, 0x0fb94200, 0x0fcb0000)
 compacting perm gen  total 14848K, used 14753K [0x24760000, 0x255e0000, 0x34760000)
   the space 14848K,  99% used [0x24760000, 0x255c8588, 0x255c8600, 0x255e0000)
No shared spaces configured.
Event: 5.023 GC heap after
Heap after GC invocations=301 (full 0):
 def new generation   total 4992K, used 281K [0x04760000, 0x04cc0000, 0x0f200000)
  eden space 4480K,   0% used [0x04760000, 0x04760000, 0x04bc0000)
  from space 512K,  54% used [0x04bc0000, 0x04c06660, 0x04c40000)
  to   space 512K,   0% used [0x04c40000, 0x04c40000, 0x04cc0000)
 tenured generation   total 10944K, used 9808K [0x0f200000, 0x0fcb0000, 0x24760000)
   the space 10944K,  89% used [0x0f200000, 0x0fb94118, 0x0fb94200, 0x0fcb0000)
 compacting perm gen  total 14848K, used 14753K [0x24760000, 0x255e0000, 0x34760000)
   the space 14848K,  99% used [0x24760000, 0x255c8588, 0x255c8600, 0x255e0000)
No shared spaces configured.
}
Event: 5.039 GC heap before
{Heap before GC invocations=301 (full 0):
 def new generation   total 4992K, used 4761K [0x04760000, 0x04cc0000, 0x0f200000)
  eden space 4480K, 100% used [0x04760000, 0x04bc0000, 0x04bc0000)
  from space 512K,  54% used [0x04bc0000, 0x04c06660, 0x04c40000)
  to   space 512K,   0% used [0x04c40000, 0x04c40000, 0x04cc0000)
 tenured generation   total 10944K, used 9808K [0x0f200000, 0x0fcb0000, 0x24760000)
   the space 10944K,  89% used [0x0f200000, 0x0fb94118, 0x0fb94200, 0x0fcb0000)
 compacting perm gen  total 14848K, used 14824K [0x24760000, 0x255e0000, 0x34760000)
   the space 14848K,  99% used [0x24760000, 0x255da250, 0x255da400, 0x255e0000)
No shared spaces configured.
Event: 5.042 GC heap after
Heap after GC invocations=302 (full 0):
 def new generation   total 4992K, used 231K [0x04760000, 0x04cc0000, 0x0f200000)
  eden space 4480K,   0% used [0x04760000, 0x04760000, 0x04bc0000)
  from space 512K,  45% used [0x04c40000, 0x04c79ef0, 0x04cc0000)
  to   space 512K,   0% used [0x04bc0000, 0x04bc0000, 0x04c40000)
 tenured generation   total 10944K, used 9850K [0x0f200000, 0x0fcb0000, 0x24760000)
   the space 10944K,  90% used [0x0f200000, 0x0fb9eab0, 0x0fb9ec00, 0x0fcb0000)
 compacting perm gen  total 14848K, used 14824K [0x24760000, 0x255e0000, 0x34760000)
   the space 14848K,  99% used [0x24760000, 0x255da250, 0x255da400, 0x255e0000)
No shared spaces configured.
}
Event: 5.054 GC heap before
{Heap before GC invocations=302 (full 0):
 def new generation   total 4992K, used 4711K [0x04760000, 0x04cc0000, 0x0f200000)
  eden space 4480K, 100% used [0x04760000, 0x04bc0000, 0x04bc0000)
  from space 512K,  45% used [0x04c40000, 0x04c79ef0, 0x04cc0000)
  to   space 512K,   0% used [0x04bc0000, 0x04bc0000, 0x04c40000)
 tenured generation   total 10944K, used 9850K [0x0f200000, 0x0fcb0000, 0x24760000)
   the space 10944K,  90% used [0x0f200000, 0x0fb9eab0, 0x0fb9ec00, 0x0fcb0000)
 compacting perm gen  total 14848K, used 14824K [0x24760000, 0x255e0000, 0x34760000)
   the space 14848K,  99% used [0x24760000, 0x255da250, 0x255da400, 0x255e0000)
No shared spaces configured.
Event: 5.056 GC heap after
Heap after GC invocations=303 (full 0):
 def new generation   total 4992K, used 231K [0x04760000, 0x04cc0000, 0x0f200000)
  eden space 4480K,   0% used [0x04760000, 0x04760000, 0x04bc0000)
  from space 512K,  45% used [0x04bc0000, 0x04bf9e88, 0x04c40000)
  to   space 512K,   0% used [0x04c40000, 0x04c40000, 0x04cc0000)
 tenured generation   total 10944K, used 9850K [0x0f200000, 0x0fcb0000, 0x24760000)
   the space 10944K,  90% used [0x0f200000, 0x0fb9eab0, 0x0fb9ec00, 0x0fcb0000)
 compacting perm gen  total 14848K, used 14824K [0x24760000, 0x255e0000, 0x34760000)
   the space 14848K,  99% used [0x24760000, 0x255da250, 0x255da400, 0x255e0000)
No shared spaces configured.
}
Event: 5.071 GC heap before
{Heap before GC invocations=303 (full 0):
 def new generation   total 4992K, used 4711K [0x04760000, 0x04cc0000, 0x0f200000)
  eden space 4480K, 100% used [0x04760000, 0x04bc0000, 0x04bc0000)
  from space 512K,  45% used [0x04bc0000, 0x04bf9e88, 0x04c40000)
  to   space 512K,   0% used [0x04c40000, 0x04c40000, 0x04cc0000)
 tenured generation   total 10944K, used 9850K [0x0f200000, 0x0fcb0000, 0x24760000)
   the space 10944K,  90% used [0x0f200000, 0x0fb9eab0, 0x0fb9ec00, 0x0fcb0000)
 compacting perm gen  total 14848K, used 14824K [0x24760000, 0x255e0000, 0x34760000)
   the space 14848K,  99% used [0x24760000, 0x255da250, 0x255da400, 0x255e0000)
No shared spaces configured.
Event: 5.073 GC heap after
Heap after GC invocations=304 (full 0):
 def new generation   total 4992K, used 231K [0x04760000, 0x04cc0000, 0x0f200000)
  eden space 4480K,   0% used [0x04760000, 0x04760000, 0x04bc0000)
  from space 512K,  45% used [0x04c40000, 0x04c79e88, 0x04cc0000)
  to   space 512K,   0% used [0x04bc0000, 0x04bc0000, 0x04c40000)
 tenured generation   total 10944K, used 9850K [0x0f200000, 0x0fcb0000, 0x24760000)
   the space 10944K,  90% used [0x0f200000, 0x0fb9eab0, 0x0fb9ec00, 0x0fcb0000)
 compacting perm gen  total 14848K, used 14824K [0x24760000, 0x255e0000, 0x34760000)
   the space 14848K,  99% used [0x24760000, 0x255da250, 0x255da400, 0x255e0000)
No shared spaces configured.
}
Event: 5.084 GC heap before
{Heap before GC invocations=304 (full 0):
 def new generation   total 4992K, used 4711K [0x04760000, 0x04cc0000, 0x0f200000)
  eden space 4480K, 100% used [0x04760000, 0x04bc0000, 0x04bc0000)
  from space 512K,  45% used [0x04c40000, 0x04c79e88, 0x04cc0000)
  to   space 512K,   0% used [0x04bc0000, 0x04bc0000, 0x04c40000)
 tenured generation   total 10944K, used 9850K [0x0f200000, 0x0fcb0000, 0x24760000)
   the space 10944K,  90% used [0x0f200000, 0x0fb9eab0, 0x0fb9ec00, 0x0fcb0000)
 compacting perm gen  total 14848K, used 14824K [0x24760000, 0x255e0000, 0x34760000)
   the space 14848K,  99% used [0x24760000, 0x255da250, 0x255da400, 0x255e0000)
No shared spaces configured.
Event: 5.086 GC heap after
Heap after GC invocations=305 (full 0):
 def new generation   total 4992K, used 231K [0x04760000, 0x04cc0000, 0x0f200000)
  eden space 4480K,   0% used [0x04760000, 0x04760000, 0x04bc0000)
  from space 512K,  45% used [0x04bc0000, 0x04bf9e88, 0x04c40000)
  to   space 512K,   0% used [0x04c40000, 0x04c40000, 0x04cc0000)
 tenured generation   total 10944K, used 9850K [0x0f200000, 0x0fcb0000, 0x24760000)
   the space 10944K,  90% used [0x0f200000, 0x0fb9eab0, 0x0fb9ec00, 0x0fcb0000)
 compacting perm gen  total 14848K, used 14824K [0x24760000, 0x255e0000, 0x34760000)
   the space 14848K,  99% used [0x24760000, 0x255da250, 0x255da400, 0x255e0000)
No shared spaces configured.
}

