# JRE version: 7.0_04-b22
# Java VM: Java HotSpot(TM) Client VM (23.0-b21 mixed mode windows-x86 )
Heap
 def new generation   total 6400K, used 3210K [0x04720000, 0x04e10000, 0x0f1c0000)
  eden space 5696K,  56% used [0x04720000, 0x04a414e8, 0x04cb0000)
  from space 704K,   0% used [0x04d60000, 0x04d61360, 0x04e10000)
  to   space 704K,   0% used [0x04cb0000, 0x04cb0000, 0x04d60000)
 tenured generation   total 13292K, used 11612K [0x0f1c0000, 0x0febb000, 0x24720000)
   the space 13292K,  87% used [0x0f1c0000, 0x0fd172e8, 0x0fd17400, 0x0febb000)
 compacting perm gen  total 12288K, used 11786K [0x24720000, 0x25320000, 0x34720000)
   the space 12288K,  95% used [0x24720000, 0x252a2a68, 0x252a2c00, 0x25320000)
GC Heap History (10 events):
Event: 33.006 GC heap before
{Heap before GC invocations=1924 (full 2):
 def new generation   total 6400K, used 5728K [0x04720000, 0x04e10000, 0x0f1c0000)
  eden space 5696K, 100% used [0x04720000, 0x04cb0000, 0x04cb0000)
  from space 704K,   4% used [0x04d60000, 0x04d68280, 0x04e10000)
  to   space 704K,   0% used [0x04cb0000, 0x04cb0000, 0x04d60000)
 tenured generation   total 13292K, used 11610K [0x0f1c0000, 0x0febb000, 0x24720000)
   the space 13292K,  87% used [0x0f1c0000, 0x0fd16a98, 0x0fd16c00, 0x0febb000)
 compacting perm gen  total 12288K, used 11786K [0x24720000, 0x25320000, 0x34720000)
   the space 12288K,  95% used [0x24720000, 0x252a2a68, 0x252a2c00, 0x25320000)
No shared spaces configured.
Event: 33.007 GC heap after
Heap after GC invocations=1925 (full 2):
 def new generation   total 6400K, used 32K [0x04720000, 0x04e10000, 0x0f1c0000)
  eden space 5696K,   0% used [0x04720000, 0x04720000, 0x04cb0000)
  from space 704K,   4% used [0x04cb0000, 0x04cb8280, 0x04d60000)
  to   space 704K,   0% used [0x04d60000, 0x04d60000, 0x04e10000)
 tenured generation   total 13292K, used 11610K [0x0f1c0000, 0x0febb000, 0x24720000)
   the space 13292K,  87% used [0x0f1c0000, 0x0fd16a98, 0x0fd16c00, 0x0febb000)
 compacting perm gen  total 12288K, used 11786K [0x24720000, 0x25320000, 0x34720000)
   the space 12288K,  95% used [0x24720000, 0x252a2a68, 0x252a2c00, 0x25320000)
No shared spaces configured.
}
Event: 33.028 GC heap before
{Heap before GC invocations=1925 (full 2):
 def new generation   total 6400K, used 5728K [0x04720000, 0x04e10000, 0x0f1c0000)
  eden space 5696K, 100% used [0x04720000, 0x04cb0000, 0x04cb0000)
  from space 704K,   4% used [0x04cb0000, 0x04cb8280, 0x04d60000)
  to   space 704K,   0% used [0x04d60000, 0x04d60000, 0x04e10000)
 tenured generation   total 13292K, used 11610K [0x0f1c0000, 0x0febb000, 0x24720000)
   the space 13292K,  87% used [0x0f1c0000, 0x0fd16a98, 0x0fd16c00, 0x0febb000)
 compacting perm gen  total 12288K, used 11786K [0x24720000, 0x25320000, 0x34720000)
   the space 12288K,  95% used [0x24720000, 0x252a2a68, 0x252a2c00, 0x25320000)
No shared spaces configured.
Event: 33.029 GC heap after
Heap after GC invocations=1926 (full 2):
 def new generation   total 6400K, used 32K [0x04720000, 0x04e10000, 0x0f1c0000)
  eden space 5696K,   0% used [0x04720000, 0x04720000, 0x04cb0000)
  from space 704K,   4% used [0x04d60000, 0x04d68280, 0x04e10000)
  to   space 704K,   0% used [0x04cb0000, 0x04cb0000, 0x04d60000)
 tenured generation   total 13292K, used 11610K [0x0f1c0000, 0x0febb000, 0x24720000)
   the space 13292K,  87% used [0x0f1c0000, 0x0fd16a98, 0x0fd16c00, 0x0febb000)
 compacting perm gen  total 12288K, used 11786K [0x24720000, 0x25320000, 0x34720000)
   the space 12288K,  95% used [0x24720000, 0x252a2a68, 0x252a2c00, 0x25320000)
No shared spaces configured.
}
Event: 33.045 GC heap before
{Heap before GC invocations=1926 (full 2):
 def new generation   total 6400K, used 5728K [0x04720000, 0x04e10000, 0x0f1c0000)
  eden space 5696K, 100% used [0x04720000, 0x04cb0000, 0x04cb0000)
  from space 704K,   4% used [0x04d60000, 0x04d68280, 0x04e10000)
  to   space 704K,   0% used [0x04cb0000, 0x04cb0000, 0x04d60000)
 tenured generation   total 13292K, used 11610K [0x0f1c0000, 0x0febb000, 0x24720000)
   the space 13292K,  87% used [0x0f1c0000, 0x0fd16a98, 0x0fd16c00, 0x0febb000)
 compacting perm gen  total 12288K, used 11786K [0x24720000, 0x25320000, 0x34720000)
   the space 12288K,  95% used [0x24720000, 0x252a2a68, 0x252a2c00, 0x25320000)
No shared spaces configured.
Event: 33.046 GC heap after
Heap after GC invocations=1927 (full 2):
 def new generation   total 6400K, used 6K [0x04720000, 0x04e10000, 0x0f1c0000)
  eden space 5696K,   0% used [0x04720000, 0x04720000, 0x04cb0000)
  from space 704K,   0% used [0x04cb0000, 0x04cb19b0, 0x04d60000)
  to   space 704K,   0% used [0x04d60000, 0x04d60000, 0x04e10000)
 tenured generation   total 13292K, used 11611K [0x0f1c0000, 0x0febb000, 0x24720000)
   the space 13292K,  87% used [0x0f1c0000, 0x0fd16c98, 0x0fd16e00, 0x0febb000)
 compacting perm gen  total 12288K, used 11786K [0x24720000, 0x25320000, 0x34720000)
   the space 12288K,  95% used [0x24720000, 0x252a2a68, 0x252a2c00, 0x25320000)
No shared spaces configured.
}
Event: 33.061 GC heap before
{Heap before GC invocations=1927 (full 2):
 def new generation   total 6400K, used 5702K [0x04720000, 0x04e10000, 0x0f1c0000)
  eden space 5696K, 100% used [0x04720000, 0x04cb0000, 0x04cb0000)
  from space 704K,   0% used [0x04cb0000, 0x04cb19b0, 0x04d60000)
  to   space 704K,   0% used [0x04d60000, 0x04d60000, 0x04e10000)
 tenured generation   total 13292K, used 11611K [0x0f1c0000, 0x0febb000, 0x24720000)
   the space 13292K,  87% used [0x0f1c0000, 0x0fd16c98, 0x0fd16e00, 0x0febb000)
 compacting perm gen  total 12288K, used 11786K [0x24720000, 0x25320000, 0x34720000)
   the space 12288K,  95% used [0x24720000, 0x252a2a68, 0x252a2c00, 0x25320000)
No shared spaces configured.
Event: 33.062 GC heap after
Heap after GC invocations=1928 (full 2):
 def new generation   total 6400K, used 4K [0x04720000, 0x04e10000, 0x0f1c0000)
  eden space 5696K,   0% used [0x04720000, 0x04720000, 0x04cb0000)
  from space 704K,   0% used [0x04d60000, 0x04d61390, 0x04e10000)
  to   space 704K,   0% used [0x04cb0000, 0x04cb0000, 0x04d60000)
 tenured generation   total 13292K, used 11612K [0x0f1c0000, 0x0febb000, 0x24720000)
   the space 13292K,  87% used [0x0f1c0000, 0x0fd172b8, 0x0fd17400, 0x0febb000)
 compacting perm gen  total 12288K, used 11786K [0x24720000, 0x25320000, 0x34720000)
   the space 12288K,  95% used [0x24720000, 0x252a2a68, 0x252a2c00, 0x25320000)
No shared spaces configured.
}
Event: 33.075 GC heap before
{Heap before GC invocations=1928 (full 2):
 def new generation   total 6400K, used 5700K [0x04720000, 0x04e10000, 0x0f1c0000)
  eden space 5696K, 100% used [0x04720000, 0x04cb0000, 0x04cb0000)
  from space 704K,   0% used [0x04d60000, 0x04d61390, 0x04e10000)
  to   space 704K,   0% used [0x04cb0000, 0x04cb0000, 0x04d60000)
 tenured generation   total 13292K, used 11612K [0x0f1c0000, 0x0febb000, 0x24720000)
   the space 13292K,  87% used [0x0f1c0000, 0x0fd172b8, 0x0fd17400, 0x0febb000)
 compacting perm gen  total 12288K, used 11786K [0x24720000, 0x25320000, 0x34720000)
   the space 12288K,  95% used [0x24720000, 0x252a2a68, 0x252a2c00, 0x25320000)
No shared spaces configured.
Event: 33.076 GC heap after
Heap after GC invocations=1929 (full 2):
 def new generation   total 6400K, used 4K [0x04720000, 0x04e10000, 0x0f1c0000)
  eden space 5696K,   0% used [0x04720000, 0x04720000, 0x04cb0000)
  from space 704K,   0% used [0x04cb0000, 0x04cb1390, 0x04d60000)
  to   space 704K,   0% used [0x04d60000, 0x04d60000, 0x04e10000)
 tenured generation   total 13292K, used 11612K [0x0f1c0000, 0x0febb000, 0x24720000)
   the space 13292K,  87% used [0x0f1c0000, 0x0fd172b8, 0x0fd17400, 0x0febb000)
 compacting perm gen  total 12288K, used 11786K [0x24720000, 0x25320000, 0x34720000)
   the space 12288K,  95% used [0x24720000, 0x252a2a68, 0x252a2c00, 0x25320000)
No shared spaces configured.
}

